nohup: ignoring input

> start
> docusaurus start --port 3000 --host 0.0.0.0

(node:2726) [DEP0040] DeprecationWarning: The `punycode` module is deprecated. Please use a userland alternative instead.
(Use `node --trace-deprecation ...` to show where the warning was created)

╭──────────────────────────────────────────────────────────────────────────────╮│                                                                              ││                        Update available 2.0.1 → 3.9.2                        ││                                                                              ││       To upgrade Docusaurus packages with the latest version, run the        ││                             following command:                               ││   `yarn upgrade @docusaurus/core@latest @docusaurus/preset-classic@latest    ││                   @docusaurus/module-type-aliases@latest`                    ││                                                                              │╰──────────────────────────────────────────────────────────────────────────────╯

[INFO] Starting the development server...
[SUCCESS] Docusaurus website is running at: http://localhost:3000/
Browserslist: caniuse-lite is outdated. Please run:
  npx update-browserslist-db@latest
  Why you should do it regularly: https://github.com/browserslist/update-db#readme
ℹ Compiling Client
✔ Client: Compiled successfully in 9.73s
client (webpack 5.74.0) compiled successfully
ℹ Compiling Client
✔ Client: Compiled successfully in 2.78s
client (webpack 5.74.0) compiled successfully
ℹ Compiling Client
✔ Client: Compiled successfully in 3.06s
client (webpack 5.74.0) compiled successfully
ℹ Compiling Client
✔ Client: Compiled successfully in 6.30s
client (webpack 5.74.0) compiled successfully
ℹ Compiling Client
✔ Client: Compiled successfully in 2.31s
client (webpack 5.74.0) compiled successfully
ℹ Compiling Client
✔ Client: Compiled successfully in 2.47s
client (webpack 5.74.0) compiled successfully
